Created by PLY version 3.11 (http://www.dabeaz.com/ply)

Unused terminals:

    ASIGNAR
    COMA
    COMDOB
    CORDER
    CORIZQ
    ENTERO
    NUMERAL
    RETURN

Grammar

Rule 0     S' -> expresion
Rule 1     expresion -> CLASS IDENTIFICADOR LLAIZQ
Rule 2     expresion -> PUBLIC INT IDENTIFICADOR PUNTOCOMA
Rule 3     expresion -> PRIVATE INT IDENTIFICADOR PUNTOCOMA
Rule 4     expresion -> PROTECTED INT IDENTIFICADOR PUNTOCOMA
Rule 5     expresion -> PUBLIC STRING IDENTIFICADOR PUNTOCOMA
Rule 6     expresion -> PRIVATE STRING IDENTIFICADOR PUNTOCOMA
Rule 7     expresion -> PROTECTED STRING IDENTIFICADOR PUNTOCOMA
Rule 8     expresion -> PUBLIC BOOL IDENTIFICADOR PUNTOCOMA
Rule 9     expresion -> PRIVATE BOOL IDENTIFICADOR PUNTOCOMA
Rule 10    expresion -> PROTECTED BOOL IDENTIFICADOR PUNTOCOMA
Rule 11    expresion -> PUBLIC VOID IDENTIFICADOR PARIZQ PARDER PUNTOCOMA
Rule 12    expresion -> PRIVATE VOID IDENTIFICADOR PARIZQ PARDER PUNTOCOMA
Rule 13    expresion -> PROTECTED VOID IDENTIFICADOR PARIZQ PARDER PUNTOCOMA
Rule 14    expresion -> PUBLIC INT IDENTIFICADOR PARIZQ PARDER PUNTOCOMA
Rule 15    expresion -> PRIVATE INT IDENTIFICADOR PARIZQ PARDER PUNTOCOMA
Rule 16    expresion -> PROTECTED INT IDENTIFICADOR PARIZQ PARDER PUNTOCOMA
Rule 17    expresion -> PUBLIC STRING IDENTIFICADOR PARIZQ PARDER PUNTOCOMA
Rule 18    expresion -> PRIVATE STRING IDENTIFICADOR PARIZQ PARDER PUNTOCOMA
Rule 19    expresion -> PROTECTED STRING IDENTIFICADOR PARIZQ PARDER PUNTOCOMA
Rule 20    expresion -> PUBLIC BOOL IDENTIFICADOR PARIZQ PARDER PUNTOCOMA
Rule 21    expresion -> PRIVATE BOOL IDENTIFICADOR PARIZQ PARDER PUNTOCOMA
Rule 22    expresion -> PROTECTED BOOL IDENTIFICADOR PARIZQ PARDER PUNTOCOMA
Rule 23    expresion -> LLADER

Terminals, with rules where they appear

ASIGNAR              : 
BOOL                 : 8 9 10 20 21 22
CLASS                : 1
COMA                 : 
COMDOB               : 
CORDER               : 
CORIZQ               : 
ENTERO               : 
IDENTIFICADOR        : 1 2 3 4 5 6 7 8 9 10 11 12 13 14 15 16 17 18 19 20 21 22
INT                  : 2 3 4 14 15 16
LLADER               : 23
LLAIZQ               : 1
NUMERAL              : 
PARDER               : 11 12 13 14 15 16 17 18 19 20 21 22
PARIZQ               : 11 12 13 14 15 16 17 18 19 20 21 22
PRIVATE              : 3 6 9 12 15 18 21
PROTECTED            : 4 7 10 13 16 19 22
PUBLIC               : 2 5 8 11 14 17 20
PUNTOCOMA            : 2 3 4 5 6 7 8 9 10 11 12 13 14 15 16 17 18 19 20 21 22
RETURN               : 
STRING               : 5 6 7 17 18 19
VOID                 : 11 12 13
error                : 

Nonterminals, with rules where they appear

expresion            : 0

Parsing method: LALR

state 0

    (0) S' -> . expresion
    (1) expresion -> . CLASS IDENTIFICADOR LLAIZQ
    (2) expresion -> . PUBLIC INT IDENTIFICADOR PUNTOCOMA
    (3) expresion -> . PRIVATE INT IDENTIFICADOR PUNTOCOMA
    (4) expresion -> . PROTECTED INT IDENTIFICADOR PUNTOCOMA
    (5) expresion -> . PUBLIC STRING IDENTIFICADOR PUNTOCOMA
    (6) expresion -> . PRIVATE STRING IDENTIFICADOR PUNTOCOMA
    (7) expresion -> . PROTECTED STRING IDENTIFICADOR PUNTOCOMA
    (8) expresion -> . PUBLIC BOOL IDENTIFICADOR PUNTOCOMA
    (9) expresion -> . PRIVATE BOOL IDENTIFICADOR PUNTOCOMA
    (10) expresion -> . PROTECTED BOOL IDENTIFICADOR PUNTOCOMA
    (11) expresion -> . PUBLIC VOID IDENTIFICADOR PARIZQ PARDER PUNTOCOMA
    (12) expresion -> . PRIVATE VOID IDENTIFICADOR PARIZQ PARDER PUNTOCOMA
    (13) expresion -> . PROTECTED VOID IDENTIFICADOR PARIZQ PARDER PUNTOCOMA
    (14) expresion -> . PUBLIC INT IDENTIFICADOR PARIZQ PARDER PUNTOCOMA
    (15) expresion -> . PRIVATE INT IDENTIFICADOR PARIZQ PARDER PUNTOCOMA
    (16) expresion -> . PROTECTED INT IDENTIFICADOR PARIZQ PARDER PUNTOCOMA
    (17) expresion -> . PUBLIC STRING IDENTIFICADOR PARIZQ PARDER PUNTOCOMA
    (18) expresion -> . PRIVATE STRING IDENTIFICADOR PARIZQ PARDER PUNTOCOMA
    (19) expresion -> . PROTECTED STRING IDENTIFICADOR PARIZQ PARDER PUNTOCOMA
    (20) expresion -> . PUBLIC BOOL IDENTIFICADOR PARIZQ PARDER PUNTOCOMA
    (21) expresion -> . PRIVATE BOOL IDENTIFICADOR PARIZQ PARDER PUNTOCOMA
    (22) expresion -> . PROTECTED BOOL IDENTIFICADOR PARIZQ PARDER PUNTOCOMA
    (23) expresion -> . LLADER

    CLASS           shift and go to state 2
    PUBLIC          shift and go to state 3
    PRIVATE         shift and go to state 4
    PROTECTED       shift and go to state 5
    LLADER          shift and go to state 6

    expresion                      shift and go to state 1

state 1

    (0) S' -> expresion .



state 2

    (1) expresion -> CLASS . IDENTIFICADOR LLAIZQ

    IDENTIFICADOR   shift and go to state 7


state 3

    (2) expresion -> PUBLIC . INT IDENTIFICADOR PUNTOCOMA
    (5) expresion -> PUBLIC . STRING IDENTIFICADOR PUNTOCOMA
    (8) expresion -> PUBLIC . BOOL IDENTIFICADOR PUNTOCOMA
    (11) expresion -> PUBLIC . VOID IDENTIFICADOR PARIZQ PARDER PUNTOCOMA
    (14) expresion -> PUBLIC . INT IDENTIFICADOR PARIZQ PARDER PUNTOCOMA
    (17) expresion -> PUBLIC . STRING IDENTIFICADOR PARIZQ PARDER PUNTOCOMA
    (20) expresion -> PUBLIC . BOOL IDENTIFICADOR PARIZQ PARDER PUNTOCOMA

    INT             shift and go to state 8
    STRING          shift and go to state 9
    BOOL            shift and go to state 10
    VOID            shift and go to state 11


state 4

    (3) expresion -> PRIVATE . INT IDENTIFICADOR PUNTOCOMA
    (6) expresion -> PRIVATE . STRING IDENTIFICADOR PUNTOCOMA
    (9) expresion -> PRIVATE . BOOL IDENTIFICADOR PUNTOCOMA
    (12) expresion -> PRIVATE . VOID IDENTIFICADOR PARIZQ PARDER PUNTOCOMA
    (15) expresion -> PRIVATE . INT IDENTIFICADOR PARIZQ PARDER PUNTOCOMA
    (18) expresion -> PRIVATE . STRING IDENTIFICADOR PARIZQ PARDER PUNTOCOMA
    (21) expresion -> PRIVATE . BOOL IDENTIFICADOR PARIZQ PARDER PUNTOCOMA

    INT             shift and go to state 12
    STRING          shift and go to state 13
    BOOL            shift and go to state 14
    VOID            shift and go to state 15


state 5

    (4) expresion -> PROTECTED . INT IDENTIFICADOR PUNTOCOMA
    (7) expresion -> PROTECTED . STRING IDENTIFICADOR PUNTOCOMA
    (10) expresion -> PROTECTED . BOOL IDENTIFICADOR PUNTOCOMA
    (13) expresion -> PROTECTED . VOID IDENTIFICADOR PARIZQ PARDER PUNTOCOMA
    (16) expresion -> PROTECTED . INT IDENTIFICADOR PARIZQ PARDER PUNTOCOMA
    (19) expresion -> PROTECTED . STRING IDENTIFICADOR PARIZQ PARDER PUNTOCOMA
    (22) expresion -> PROTECTED . BOOL IDENTIFICADOR PARIZQ PARDER PUNTOCOMA

    INT             shift and go to state 16
    STRING          shift and go to state 17
    BOOL            shift and go to state 18
    VOID            shift and go to state 19


state 6

    (23) expresion -> LLADER .

    $end            reduce using rule 23 (expresion -> LLADER .)


state 7

    (1) expresion -> CLASS IDENTIFICADOR . LLAIZQ

    LLAIZQ          shift and go to state 20


state 8

    (2) expresion -> PUBLIC INT . IDENTIFICADOR PUNTOCOMA
    (14) expresion -> PUBLIC INT . IDENTIFICADOR PARIZQ PARDER PUNTOCOMA

    IDENTIFICADOR   shift and go to state 21


state 9

    (5) expresion -> PUBLIC STRING . IDENTIFICADOR PUNTOCOMA
    (17) expresion -> PUBLIC STRING . IDENTIFICADOR PARIZQ PARDER PUNTOCOMA

    IDENTIFICADOR   shift and go to state 22


state 10

    (8) expresion -> PUBLIC BOOL . IDENTIFICADOR PUNTOCOMA
    (20) expresion -> PUBLIC BOOL . IDENTIFICADOR PARIZQ PARDER PUNTOCOMA

    IDENTIFICADOR   shift and go to state 23


state 11

    (11) expresion -> PUBLIC VOID . IDENTIFICADOR PARIZQ PARDER PUNTOCOMA

    IDENTIFICADOR   shift and go to state 24


state 12

    (3) expresion -> PRIVATE INT . IDENTIFICADOR PUNTOCOMA
    (15) expresion -> PRIVATE INT . IDENTIFICADOR PARIZQ PARDER PUNTOCOMA

    IDENTIFICADOR   shift and go to state 25


state 13

    (6) expresion -> PRIVATE STRING . IDENTIFICADOR PUNTOCOMA
    (18) expresion -> PRIVATE STRING . IDENTIFICADOR PARIZQ PARDER PUNTOCOMA

    IDENTIFICADOR   shift and go to state 26


state 14

    (9) expresion -> PRIVATE BOOL . IDENTIFICADOR PUNTOCOMA
    (21) expresion -> PRIVATE BOOL . IDENTIFICADOR PARIZQ PARDER PUNTOCOMA

    IDENTIFICADOR   shift and go to state 27


state 15

    (12) expresion -> PRIVATE VOID . IDENTIFICADOR PARIZQ PARDER PUNTOCOMA

    IDENTIFICADOR   shift and go to state 28


state 16

    (4) expresion -> PROTECTED INT . IDENTIFICADOR PUNTOCOMA
    (16) expresion -> PROTECTED INT . IDENTIFICADOR PARIZQ PARDER PUNTOCOMA

    IDENTIFICADOR   shift and go to state 29


state 17

    (7) expresion -> PROTECTED STRING . IDENTIFICADOR PUNTOCOMA
    (19) expresion -> PROTECTED STRING . IDENTIFICADOR PARIZQ PARDER PUNTOCOMA

    IDENTIFICADOR   shift and go to state 30


state 18

    (10) expresion -> PROTECTED BOOL . IDENTIFICADOR PUNTOCOMA
    (22) expresion -> PROTECTED BOOL . IDENTIFICADOR PARIZQ PARDER PUNTOCOMA

    IDENTIFICADOR   shift and go to state 31


state 19

    (13) expresion -> PROTECTED VOID . IDENTIFICADOR PARIZQ PARDER PUNTOCOMA

    IDENTIFICADOR   shift and go to state 32


state 20

    (1) expresion -> CLASS IDENTIFICADOR LLAIZQ .

    $end            reduce using rule 1 (expresion -> CLASS IDENTIFICADOR LLAIZQ .)


state 21

    (2) expresion -> PUBLIC INT IDENTIFICADOR . PUNTOCOMA
    (14) expresion -> PUBLIC INT IDENTIFICADOR . PARIZQ PARDER PUNTOCOMA

    PUNTOCOMA       shift and go to state 33
    PARIZQ          shift and go to state 34


state 22

    (5) expresion -> PUBLIC STRING IDENTIFICADOR . PUNTOCOMA
    (17) expresion -> PUBLIC STRING IDENTIFICADOR . PARIZQ PARDER PUNTOCOMA

    PUNTOCOMA       shift and go to state 35
    PARIZQ          shift and go to state 36


state 23

    (8) expresion -> PUBLIC BOOL IDENTIFICADOR . PUNTOCOMA
    (20) expresion -> PUBLIC BOOL IDENTIFICADOR . PARIZQ PARDER PUNTOCOMA

    PUNTOCOMA       shift and go to state 37
    PARIZQ          shift and go to state 38


state 24

    (11) expresion -> PUBLIC VOID IDENTIFICADOR . PARIZQ PARDER PUNTOCOMA

    PARIZQ          shift and go to state 39


state 25

    (3) expresion -> PRIVATE INT IDENTIFICADOR . PUNTOCOMA
    (15) expresion -> PRIVATE INT IDENTIFICADOR . PARIZQ PARDER PUNTOCOMA

    PUNTOCOMA       shift and go to state 40
    PARIZQ          shift and go to state 41


state 26

    (6) expresion -> PRIVATE STRING IDENTIFICADOR . PUNTOCOMA
    (18) expresion -> PRIVATE STRING IDENTIFICADOR . PARIZQ PARDER PUNTOCOMA

    PUNTOCOMA       shift and go to state 42
    PARIZQ          shift and go to state 43


state 27

    (9) expresion -> PRIVATE BOOL IDENTIFICADOR . PUNTOCOMA
    (21) expresion -> PRIVATE BOOL IDENTIFICADOR . PARIZQ PARDER PUNTOCOMA

    PUNTOCOMA       shift and go to state 44
    PARIZQ          shift and go to state 45


state 28

    (12) expresion -> PRIVATE VOID IDENTIFICADOR . PARIZQ PARDER PUNTOCOMA

    PARIZQ          shift and go to state 46


state 29

    (4) expresion -> PROTECTED INT IDENTIFICADOR . PUNTOCOMA
    (16) expresion -> PROTECTED INT IDENTIFICADOR . PARIZQ PARDER PUNTOCOMA

    PUNTOCOMA       shift and go to state 47
    PARIZQ          shift and go to state 48


state 30

    (7) expresion -> PROTECTED STRING IDENTIFICADOR . PUNTOCOMA
    (19) expresion -> PROTECTED STRING IDENTIFICADOR . PARIZQ PARDER PUNTOCOMA

    PUNTOCOMA       shift and go to state 49
    PARIZQ          shift and go to state 50


state 31

    (10) expresion -> PROTECTED BOOL IDENTIFICADOR . PUNTOCOMA
    (22) expresion -> PROTECTED BOOL IDENTIFICADOR . PARIZQ PARDER PUNTOCOMA

    PUNTOCOMA       shift and go to state 51
    PARIZQ          shift and go to state 52


state 32

    (13) expresion -> PROTECTED VOID IDENTIFICADOR . PARIZQ PARDER PUNTOCOMA

    PARIZQ          shift and go to state 53


state 33

    (2) expresion -> PUBLIC INT IDENTIFICADOR PUNTOCOMA .

    $end            reduce using rule 2 (expresion -> PUBLIC INT IDENTIFICADOR PUNTOCOMA .)


state 34

    (14) expresion -> PUBLIC INT IDENTIFICADOR PARIZQ . PARDER PUNTOCOMA

    PARDER          shift and go to state 54


state 35

    (5) expresion -> PUBLIC STRING IDENTIFICADOR PUNTOCOMA .

    $end            reduce using rule 5 (expresion -> PUBLIC STRING IDENTIFICADOR PUNTOCOMA .)


state 36

    (17) expresion -> PUBLIC STRING IDENTIFICADOR PARIZQ . PARDER PUNTOCOMA

    PARDER          shift and go to state 55


state 37

    (8) expresion -> PUBLIC BOOL IDENTIFICADOR PUNTOCOMA .

    $end            reduce using rule 8 (expresion -> PUBLIC BOOL IDENTIFICADOR PUNTOCOMA .)


state 38

    (20) expresion -> PUBLIC BOOL IDENTIFICADOR PARIZQ . PARDER PUNTOCOMA

    PARDER          shift and go to state 56


state 39

    (11) expresion -> PUBLIC VOID IDENTIFICADOR PARIZQ . PARDER PUNTOCOMA

    PARDER          shift and go to state 57


state 40

    (3) expresion -> PRIVATE INT IDENTIFICADOR PUNTOCOMA .

    $end            reduce using rule 3 (expresion -> PRIVATE INT IDENTIFICADOR PUNTOCOMA .)


state 41

    (15) expresion -> PRIVATE INT IDENTIFICADOR PARIZQ . PARDER PUNTOCOMA

    PARDER          shift and go to state 58


state 42

    (6) expresion -> PRIVATE STRING IDENTIFICADOR PUNTOCOMA .

    $end            reduce using rule 6 (expresion -> PRIVATE STRING IDENTIFICADOR PUNTOCOMA .)


state 43

    (18) expresion -> PRIVATE STRING IDENTIFICADOR PARIZQ . PARDER PUNTOCOMA

    PARDER          shift and go to state 59


state 44

    (9) expresion -> PRIVATE BOOL IDENTIFICADOR PUNTOCOMA .

    $end            reduce using rule 9 (expresion -> PRIVATE BOOL IDENTIFICADOR PUNTOCOMA .)


state 45

    (21) expresion -> PRIVATE BOOL IDENTIFICADOR PARIZQ . PARDER PUNTOCOMA

    PARDER          shift and go to state 60


state 46

    (12) expresion -> PRIVATE VOID IDENTIFICADOR PARIZQ . PARDER PUNTOCOMA

    PARDER          shift and go to state 61


state 47

    (4) expresion -> PROTECTED INT IDENTIFICADOR PUNTOCOMA .

    $end            reduce using rule 4 (expresion -> PROTECTED INT IDENTIFICADOR PUNTOCOMA .)


state 48

    (16) expresion -> PROTECTED INT IDENTIFICADOR PARIZQ . PARDER PUNTOCOMA

    PARDER          shift and go to state 62


state 49

    (7) expresion -> PROTECTED STRING IDENTIFICADOR PUNTOCOMA .

    $end            reduce using rule 7 (expresion -> PROTECTED STRING IDENTIFICADOR PUNTOCOMA .)


state 50

    (19) expresion -> PROTECTED STRING IDENTIFICADOR PARIZQ . PARDER PUNTOCOMA

    PARDER          shift and go to state 63


state 51

    (10) expresion -> PROTECTED BOOL IDENTIFICADOR PUNTOCOMA .

    $end            reduce using rule 10 (expresion -> PROTECTED BOOL IDENTIFICADOR PUNTOCOMA .)


state 52

    (22) expresion -> PROTECTED BOOL IDENTIFICADOR PARIZQ . PARDER PUNTOCOMA

    PARDER          shift and go to state 64


state 53

    (13) expresion -> PROTECTED VOID IDENTIFICADOR PARIZQ . PARDER PUNTOCOMA

    PARDER          shift and go to state 65


state 54

    (14) expresion -> PUBLIC INT IDENTIFICADOR PARIZQ PARDER . PUNTOCOMA

    PUNTOCOMA       shift and go to state 66


state 55

    (17) expresion -> PUBLIC STRING IDENTIFICADOR PARIZQ PARDER . PUNTOCOMA

    PUNTOCOMA       shift and go to state 67


state 56

    (20) expresion -> PUBLIC BOOL IDENTIFICADOR PARIZQ PARDER . PUNTOCOMA

    PUNTOCOMA       shift and go to state 68


state 57

    (11) expresion -> PUBLIC VOID IDENTIFICADOR PARIZQ PARDER . PUNTOCOMA

    PUNTOCOMA       shift and go to state 69


state 58

    (15) expresion -> PRIVATE INT IDENTIFICADOR PARIZQ PARDER . PUNTOCOMA

    PUNTOCOMA       shift and go to state 70


state 59

    (18) expresion -> PRIVATE STRING IDENTIFICADOR PARIZQ PARDER . PUNTOCOMA

    PUNTOCOMA       shift and go to state 71


state 60

    (21) expresion -> PRIVATE BOOL IDENTIFICADOR PARIZQ PARDER . PUNTOCOMA

    PUNTOCOMA       shift and go to state 72


state 61

    (12) expresion -> PRIVATE VOID IDENTIFICADOR PARIZQ PARDER . PUNTOCOMA

    PUNTOCOMA       shift and go to state 73


state 62

    (16) expresion -> PROTECTED INT IDENTIFICADOR PARIZQ PARDER . PUNTOCOMA

    PUNTOCOMA       shift and go to state 74


state 63

    (19) expresion -> PROTECTED STRING IDENTIFICADOR PARIZQ PARDER . PUNTOCOMA

    PUNTOCOMA       shift and go to state 75


state 64

    (22) expresion -> PROTECTED BOOL IDENTIFICADOR PARIZQ PARDER . PUNTOCOMA

    PUNTOCOMA       shift and go to state 76


state 65

    (13) expresion -> PROTECTED VOID IDENTIFICADOR PARIZQ PARDER . PUNTOCOMA

    PUNTOCOMA       shift and go to state 77


state 66

    (14) expresion -> PUBLIC INT IDENTIFICADOR PARIZQ PARDER PUNTOCOMA .

    $end            reduce using rule 14 (expresion -> PUBLIC INT IDENTIFICADOR PARIZQ PARDER PUNTOCOMA .)


state 67

    (17) expresion -> PUBLIC STRING IDENTIFICADOR PARIZQ PARDER PUNTOCOMA .

    $end            reduce using rule 17 (expresion -> PUBLIC STRING IDENTIFICADOR PARIZQ PARDER PUNTOCOMA .)


state 68

    (20) expresion -> PUBLIC BOOL IDENTIFICADOR PARIZQ PARDER PUNTOCOMA .

    $end            reduce using rule 20 (expresion -> PUBLIC BOOL IDENTIFICADOR PARIZQ PARDER PUNTOCOMA .)


state 69

    (11) expresion -> PUBLIC VOID IDENTIFICADOR PARIZQ PARDER PUNTOCOMA .

    $end            reduce using rule 11 (expresion -> PUBLIC VOID IDENTIFICADOR PARIZQ PARDER PUNTOCOMA .)


state 70

    (15) expresion -> PRIVATE INT IDENTIFICADOR PARIZQ PARDER PUNTOCOMA .

    $end            reduce using rule 15 (expresion -> PRIVATE INT IDENTIFICADOR PARIZQ PARDER PUNTOCOMA .)


state 71

    (18) expresion -> PRIVATE STRING IDENTIFICADOR PARIZQ PARDER PUNTOCOMA .

    $end            reduce using rule 18 (expresion -> PRIVATE STRING IDENTIFICADOR PARIZQ PARDER PUNTOCOMA .)


state 72

    (21) expresion -> PRIVATE BOOL IDENTIFICADOR PARIZQ PARDER PUNTOCOMA .

    $end            reduce using rule 21 (expresion -> PRIVATE BOOL IDENTIFICADOR PARIZQ PARDER PUNTOCOMA .)


state 73

    (12) expresion -> PRIVATE VOID IDENTIFICADOR PARIZQ PARDER PUNTOCOMA .

    $end            reduce using rule 12 (expresion -> PRIVATE VOID IDENTIFICADOR PARIZQ PARDER PUNTOCOMA .)


state 74

    (16) expresion -> PROTECTED INT IDENTIFICADOR PARIZQ PARDER PUNTOCOMA .

    $end            reduce using rule 16 (expresion -> PROTECTED INT IDENTIFICADOR PARIZQ PARDER PUNTOCOMA .)


state 75

    (19) expresion -> PROTECTED STRING IDENTIFICADOR PARIZQ PARDER PUNTOCOMA .

    $end            reduce using rule 19 (expresion -> PROTECTED STRING IDENTIFICADOR PARIZQ PARDER PUNTOCOMA .)


state 76

    (22) expresion -> PROTECTED BOOL IDENTIFICADOR PARIZQ PARDER PUNTOCOMA .

    $end            reduce using rule 22 (expresion -> PROTECTED BOOL IDENTIFICADOR PARIZQ PARDER PUNTOCOMA .)


state 77

    (13) expresion -> PROTECTED VOID IDENTIFICADOR PARIZQ PARDER PUNTOCOMA .

    $end            reduce using rule 13 (expresion -> PROTECTED VOID IDENTIFICADOR PARIZQ PARDER PUNTOCOMA .)

